[2024-11-05T13:51:50.915+0000] {local_task_job_runner.py:123} INFO - ::group::Pre task execution logs
[2024-11-05T13:51:50.956+0000] {taskinstance.py:2612} INFO - Dependencies all met for dep_context=non-requeueable deps ti=<TaskInstance: dag_with_corn_exp.task1 scheduled__2024-10-03T00:00:00+00:00 [queued]>
[2024-11-05T13:51:50.984+0000] {taskinstance.py:2612} INFO - Dependencies all met for dep_context=requeueable deps ti=<TaskInstance: dag_with_corn_exp.task1 scheduled__2024-10-03T00:00:00+00:00 [queued]>
[2024-11-05T13:51:50.985+0000] {taskinstance.py:2865} INFO - Starting attempt 1 of 6
[2024-11-05T13:51:51.059+0000] {taskinstance.py:2888} INFO - Executing <Task(BashOperator): task1> on 2024-10-03 00:00:00+00:00
[2024-11-05T13:51:51.069+0000] {standard_task_runner.py:72} INFO - Started process 632 to run task
[2024-11-05T13:51:51.073+0000] {standard_task_runner.py:104} INFO - Running: ['airflow', 'tasks', 'run', 'dag_with_corn_exp', 'task1', 'scheduled__2024-10-03T00:00:00+00:00', '--job-id', '74', '--raw', '--subdir', 'DAGS_FOLDER/dag_with_corn_exp.py', '--cfg-path', '/tmp/tmpg5z9z5lc']
[2024-11-05T13:51:51.076+0000] {standard_task_runner.py:105} INFO - Job 74: Subtask task1
[2024-11-05T13:51:51.241+0000] {task_command.py:467} INFO - Running <TaskInstance: dag_with_corn_exp.task1 scheduled__2024-10-03T00:00:00+00:00 [running]> on host d1868bef5e0d
[2024-11-05T13:51:51.501+0000] {taskinstance.py:3131} INFO - Exporting env vars: AIRFLOW_CTX_DAG_OWNER='Adithya' AIRFLOW_CTX_DAG_ID='dag_with_corn_exp' AIRFLOW_CTX_TASK_ID='task1' AIRFLOW_CTX_EXECUTION_DATE='2024-10-03T00:00:00+00:00' AIRFLOW_CTX_TRY_NUMBER='1' AIRFLOW_CTX_DAG_RUN_ID='scheduled__2024-10-03T00:00:00+00:00'
[2024-11-05T13:51:51.503+0000] {taskinstance.py:731} INFO - ::endgroup::
[2024-11-05T13:51:51.537+0000] {subprocess.py:63} INFO - Tmp dir root location: /tmp
[2024-11-05T13:51:51.541+0000] {subprocess.py:75} INFO - Running command: ['/usr/bin/bash', '-c', 'echo Jai Hanuman']
[2024-11-05T13:51:51.562+0000] {subprocess.py:86} INFO - Output:
[2024-11-05T13:51:51.566+0000] {subprocess.py:93} INFO - Jai Hanuman
[2024-11-05T13:51:51.567+0000] {subprocess.py:97} INFO - Command exited with return code 0
[2024-11-05T13:51:51.660+0000] {taskinstance.py:340} INFO - ::group::Post task execution logs
[2024-11-05T13:51:51.661+0000] {taskinstance.py:352} INFO - Marking task as SUCCESS. dag_id=dag_with_corn_exp, task_id=task1, run_id=scheduled__2024-10-03T00:00:00+00:00, execution_date=20241003T000000, start_date=20241105T135150, end_date=20241105T135151
[2024-11-05T13:51:51.774+0000] {local_task_job_runner.py:266} INFO - Task exited with return code 0
[2024-11-05T13:51:51.817+0000] {taskinstance.py:3900} INFO - 0 downstream tasks scheduled from follow-on schedule check
[2024-11-05T13:51:51.821+0000] {local_task_job_runner.py:245} INFO - ::endgroup::
