[2024-11-05T13:26:25.671+0000] {local_task_job_runner.py:123} INFO - ::group::Pre task execution logs
[2024-11-05T13:26:25.717+0000] {taskinstance.py:2612} INFO - Dependencies all met for dep_context=non-requeueable deps ti=<TaskInstance: dag_with_catchup_backfill_v1.task1 scheduled__2024-11-01T00:00:00+00:00 [queued]>
[2024-11-05T13:26:25.754+0000] {taskinstance.py:2612} INFO - Dependencies all met for dep_context=requeueable deps ti=<TaskInstance: dag_with_catchup_backfill_v1.task1 scheduled__2024-11-01T00:00:00+00:00 [queued]>
[2024-11-05T13:26:25.755+0000] {taskinstance.py:2865} INFO - Starting attempt 1 of 6
[2024-11-05T13:26:25.836+0000] {taskinstance.py:2888} INFO - Executing <Task(BashOperator): task1> on 2024-11-01 00:00:00+00:00
[2024-11-05T13:26:25.846+0000] {standard_task_runner.py:72} INFO - Started process 189 to run task
[2024-11-05T13:26:25.871+0000] {standard_task_runner.py:104} INFO - Running: ['airflow', 'tasks', 'run', 'dag_with_catchup_backfill_v1', 'task1', 'scheduled__2024-11-01T00:00:00+00:00', '--job-id', '61', '--raw', '--subdir', 'DAGS_FOLDER/dag_with_catchup_backfill.py', '--cfg-path', '/tmp/tmp1ay1rk8z']
[2024-11-05T13:26:25.882+0000] {standard_task_runner.py:105} INFO - Job 61: Subtask task1
[2024-11-05T13:26:26.150+0000] {task_command.py:467} INFO - Running <TaskInstance: dag_with_catchup_backfill_v1.task1 scheduled__2024-11-01T00:00:00+00:00 [running]> on host d1868bef5e0d
[2024-11-05T13:26:26.438+0000] {taskinstance.py:3131} INFO - Exporting env vars: AIRFLOW_CTX_DAG_OWNER='Adithya' AIRFLOW_CTX_DAG_ID='dag_with_catchup_backfill_v1' AIRFLOW_CTX_TASK_ID='task1' AIRFLOW_CTX_EXECUTION_DATE='2024-11-01T00:00:00+00:00' AIRFLOW_CTX_TRY_NUMBER='1' AIRFLOW_CTX_DAG_RUN_ID='scheduled__2024-11-01T00:00:00+00:00'
[2024-11-05T13:26:26.441+0000] {taskinstance.py:731} INFO - ::endgroup::
[2024-11-05T13:26:26.531+0000] {subprocess.py:63} INFO - Tmp dir root location: /tmp
[2024-11-05T13:26:26.534+0000] {subprocess.py:75} INFO - Running command: ['/usr/bin/bash', '-c', 'echo Hello my name is Adithya']
[2024-11-05T13:26:26.562+0000] {subprocess.py:86} INFO - Output:
[2024-11-05T13:26:26.584+0000] {subprocess.py:93} INFO - Hello my name is Adithya
[2024-11-05T13:26:26.586+0000] {subprocess.py:97} INFO - Command exited with return code 0
[2024-11-05T13:26:26.681+0000] {taskinstance.py:340} INFO - ::group::Post task execution logs
[2024-11-05T13:26:26.683+0000] {taskinstance.py:352} INFO - Marking task as SUCCESS. dag_id=dag_with_catchup_backfill_v1, task_id=task1, run_id=scheduled__2024-11-01T00:00:00+00:00, execution_date=20241101T000000, start_date=20241105T132625, end_date=20241105T132626
[2024-11-05T13:26:26.805+0000] {local_task_job_runner.py:266} INFO - Task exited with return code 0
[2024-11-05T13:26:26.854+0000] {taskinstance.py:3900} INFO - 0 downstream tasks scheduled from follow-on schedule check
[2024-11-05T13:26:26.857+0000] {local_task_job_runner.py:245} INFO - ::endgroup::
