[2024-11-05T14:23:04.324+0000] {local_task_job_runner.py:123} INFO - ::group::Pre task execution logs
[2024-11-05T14:23:04.371+0000] {taskinstance.py:2612} INFO - Dependencies all met for dep_context=non-requeueable deps ti=<TaskInstance: dag_with_corn_exp_v2.task1 manual__2024-11-05T14:22:42.528889+00:00 [queued]>
[2024-11-05T14:23:04.403+0000] {taskinstance.py:2612} INFO - Dependencies all met for dep_context=requeueable deps ti=<TaskInstance: dag_with_corn_exp_v2.task1 manual__2024-11-05T14:22:42.528889+00:00 [queued]>
[2024-11-05T14:23:04.404+0000] {taskinstance.py:2865} INFO - Starting attempt 1 of 6
[2024-11-05T14:23:04.483+0000] {taskinstance.py:2888} INFO - Executing <Task(BashOperator): task1> on 2024-11-05 14:22:42.528889+00:00
[2024-11-05T14:23:04.493+0000] {standard_task_runner.py:72} INFO - Started process 1488 to run task
[2024-11-05T14:23:04.512+0000] {standard_task_runner.py:104} INFO - Running: ['airflow', 'tasks', 'run', 'dag_with_corn_exp_v2', 'task1', 'manual__2024-11-05T14:22:42.528889+00:00', '--job-id', '108', '--raw', '--subdir', 'DAGS_FOLDER/dag_with_corn_exp.py', '--cfg-path', '/tmp/tmpi3h7fc59']
[2024-11-05T14:23:04.515+0000] {standard_task_runner.py:105} INFO - Job 108: Subtask task1
[2024-11-05T14:23:04.681+0000] {task_command.py:467} INFO - Running <TaskInstance: dag_with_corn_exp_v2.task1 manual__2024-11-05T14:22:42.528889+00:00 [running]> on host d1868bef5e0d
[2024-11-05T14:23:04.937+0000] {taskinstance.py:3131} INFO - Exporting env vars: AIRFLOW_CTX_DAG_OWNER='Adithya' AIRFLOW_CTX_DAG_ID='dag_with_corn_exp_v2' AIRFLOW_CTX_TASK_ID='task1' AIRFLOW_CTX_EXECUTION_DATE='2024-11-05T14:22:42.528889+00:00' AIRFLOW_CTX_TRY_NUMBER='1' AIRFLOW_CTX_DAG_RUN_ID='manual__2024-11-05T14:22:42.528889+00:00'
[2024-11-05T14:23:04.939+0000] {taskinstance.py:731} INFO - ::endgroup::
[2024-11-05T14:23:04.981+0000] {subprocess.py:63} INFO - Tmp dir root location: /tmp
[2024-11-05T14:23:04.984+0000] {subprocess.py:75} INFO - Running command: ['/usr/bin/bash', '-c', 'echo Jai Hanuman']
[2024-11-05T14:23:05.006+0000] {subprocess.py:86} INFO - Output:
[2024-11-05T14:23:05.011+0000] {subprocess.py:93} INFO - Jai Hanuman
[2024-11-05T14:23:05.012+0000] {subprocess.py:97} INFO - Command exited with return code 0
[2024-11-05T14:23:05.100+0000] {taskinstance.py:340} INFO - ::group::Post task execution logs
[2024-11-05T14:23:05.101+0000] {taskinstance.py:352} INFO - Marking task as SUCCESS. dag_id=dag_with_corn_exp_v2, task_id=task1, run_id=manual__2024-11-05T14:22:42.528889+00:00, execution_date=20241105T142242, start_date=20241105T142304, end_date=20241105T142305
[2024-11-05T14:23:05.199+0000] {local_task_job_runner.py:266} INFO - Task exited with return code 0
[2024-11-05T14:23:05.244+0000] {taskinstance.py:3900} INFO - 0 downstream tasks scheduled from follow-on schedule check
[2024-11-05T14:23:05.248+0000] {local_task_job_runner.py:245} INFO - ::endgroup::
