[2024-11-05T13:52:00.658+0000] {local_task_job_runner.py:123} INFO - ::group::Pre task execution logs
[2024-11-05T13:52:00.697+0000] {taskinstance.py:2612} INFO - Dependencies all met for dep_context=non-requeueable deps ti=<TaskInstance: dag_with_corn_exp.task1 scheduled__2024-10-04T00:00:00+00:00 [queued]>
[2024-11-05T13:52:00.725+0000] {taskinstance.py:2612} INFO - Dependencies all met for dep_context=requeueable deps ti=<TaskInstance: dag_with_corn_exp.task1 scheduled__2024-10-04T00:00:00+00:00 [queued]>
[2024-11-05T13:52:00.726+0000] {taskinstance.py:2865} INFO - Starting attempt 1 of 6
[2024-11-05T13:52:00.790+0000] {taskinstance.py:2888} INFO - Executing <Task(BashOperator): task1> on 2024-10-04 00:00:00+00:00
[2024-11-05T13:52:00.800+0000] {standard_task_runner.py:72} INFO - Started process 648 to run task
[2024-11-05T13:52:00.804+0000] {standard_task_runner.py:104} INFO - Running: ['airflow', 'tasks', 'run', 'dag_with_corn_exp', 'task1', 'scheduled__2024-10-04T00:00:00+00:00', '--job-id', '75', '--raw', '--subdir', 'DAGS_FOLDER/dag_with_corn_exp.py', '--cfg-path', '/tmp/tmpq98_rbd3']
[2024-11-05T13:52:00.808+0000] {standard_task_runner.py:105} INFO - Job 75: Subtask task1
[2024-11-05T13:52:00.986+0000] {task_command.py:467} INFO - Running <TaskInstance: dag_with_corn_exp.task1 scheduled__2024-10-04T00:00:00+00:00 [running]> on host d1868bef5e0d
[2024-11-05T13:52:01.247+0000] {taskinstance.py:3131} INFO - Exporting env vars: AIRFLOW_CTX_DAG_OWNER='Adithya' AIRFLOW_CTX_DAG_ID='dag_with_corn_exp' AIRFLOW_CTX_TASK_ID='task1' AIRFLOW_CTX_EXECUTION_DATE='2024-10-04T00:00:00+00:00' AIRFLOW_CTX_TRY_NUMBER='1' AIRFLOW_CTX_DAG_RUN_ID='scheduled__2024-10-04T00:00:00+00:00'
[2024-11-05T13:52:01.249+0000] {taskinstance.py:731} INFO - ::endgroup::
[2024-11-05T13:52:01.283+0000] {subprocess.py:63} INFO - Tmp dir root location: /tmp
[2024-11-05T13:52:01.285+0000] {subprocess.py:75} INFO - Running command: ['/usr/bin/bash', '-c', 'echo Jai Hanuman']
[2024-11-05T13:52:01.303+0000] {subprocess.py:86} INFO - Output:
[2024-11-05T13:52:01.306+0000] {subprocess.py:93} INFO - Jai Hanuman
[2024-11-05T13:52:01.308+0000] {subprocess.py:97} INFO - Command exited with return code 0
[2024-11-05T13:52:01.401+0000] {taskinstance.py:340} INFO - ::group::Post task execution logs
[2024-11-05T13:52:01.403+0000] {taskinstance.py:352} INFO - Marking task as SUCCESS. dag_id=dag_with_corn_exp, task_id=task1, run_id=scheduled__2024-10-04T00:00:00+00:00, execution_date=20241004T000000, start_date=20241105T135200, end_date=20241105T135201
[2024-11-05T13:52:01.505+0000] {local_task_job_runner.py:266} INFO - Task exited with return code 0
[2024-11-05T13:52:01.551+0000] {taskinstance.py:3900} INFO - 0 downstream tasks scheduled from follow-on schedule check
[2024-11-05T13:52:01.556+0000] {local_task_job_runner.py:245} INFO - ::endgroup::
