[2024-11-05T13:27:08.006+0000] {local_task_job_runner.py:123} INFO - ::group::Pre task execution logs
[2024-11-05T13:27:08.046+0000] {taskinstance.py:2612} INFO - Dependencies all met for dep_context=non-requeueable deps ti=<TaskInstance: dag_with_catchup_backfill_v1.task1 scheduled__2024-11-04T00:00:00+00:00 [queued]>
[2024-11-05T13:27:08.072+0000] {taskinstance.py:2612} INFO - Dependencies all met for dep_context=requeueable deps ti=<TaskInstance: dag_with_catchup_backfill_v1.task1 scheduled__2024-11-04T00:00:00+00:00 [queued]>
[2024-11-05T13:27:08.073+0000] {taskinstance.py:2865} INFO - Starting attempt 1 of 6
[2024-11-05T13:27:08.146+0000] {taskinstance.py:2888} INFO - Executing <Task(BashOperator): task1> on 2024-11-04 00:00:00+00:00
[2024-11-05T13:27:08.158+0000] {standard_task_runner.py:72} INFO - Started process 253 to run task
[2024-11-05T13:27:08.163+0000] {standard_task_runner.py:104} INFO - Running: ['airflow', 'tasks', 'run', 'dag_with_catchup_backfill_v1', 'task1', 'scheduled__2024-11-04T00:00:00+00:00', '--job-id', '65', '--raw', '--subdir', 'DAGS_FOLDER/dag_with_catchup_backfill.py', '--cfg-path', '/tmp/tmphziicec3']
[2024-11-05T13:27:08.166+0000] {standard_task_runner.py:105} INFO - Job 65: Subtask task1
[2024-11-05T13:27:08.346+0000] {task_command.py:467} INFO - Running <TaskInstance: dag_with_catchup_backfill_v1.task1 scheduled__2024-11-04T00:00:00+00:00 [running]> on host d1868bef5e0d
[2024-11-05T13:27:08.607+0000] {taskinstance.py:3131} INFO - Exporting env vars: AIRFLOW_CTX_DAG_OWNER='Adithya' AIRFLOW_CTX_DAG_ID='dag_with_catchup_backfill_v1' AIRFLOW_CTX_TASK_ID='task1' AIRFLOW_CTX_EXECUTION_DATE='2024-11-04T00:00:00+00:00' AIRFLOW_CTX_TRY_NUMBER='1' AIRFLOW_CTX_DAG_RUN_ID='scheduled__2024-11-04T00:00:00+00:00'
[2024-11-05T13:27:08.609+0000] {taskinstance.py:731} INFO - ::endgroup::
[2024-11-05T13:27:08.647+0000] {subprocess.py:63} INFO - Tmp dir root location: /tmp
[2024-11-05T13:27:08.650+0000] {subprocess.py:75} INFO - Running command: ['/usr/bin/bash', '-c', 'echo Hello my name is Adithya']
[2024-11-05T13:27:08.676+0000] {subprocess.py:86} INFO - Output:
[2024-11-05T13:27:08.681+0000] {subprocess.py:93} INFO - Hello my name is Adithya
[2024-11-05T13:27:08.682+0000] {subprocess.py:97} INFO - Command exited with return code 0
[2024-11-05T13:27:08.779+0000] {taskinstance.py:340} INFO - ::group::Post task execution logs
[2024-11-05T13:27:08.781+0000] {taskinstance.py:352} INFO - Marking task as SUCCESS. dag_id=dag_with_catchup_backfill_v1, task_id=task1, run_id=scheduled__2024-11-04T00:00:00+00:00, execution_date=20241104T000000, start_date=20241105T132708, end_date=20241105T132708
[2024-11-05T13:27:08.863+0000] {local_task_job_runner.py:266} INFO - Task exited with return code 0
[2024-11-05T13:27:08.905+0000] {taskinstance.py:3900} INFO - 0 downstream tasks scheduled from follow-on schedule check
[2024-11-05T13:27:08.908+0000] {local_task_job_runner.py:245} INFO - ::endgroup::
