[2024-11-05T07:18:27.350+0000] {local_task_job_runner.py:123} INFO - ::group::Pre task execution logs
[2024-11-05T07:18:27.397+0000] {taskinstance.py:2612} INFO - Dependencies all met for dep_context=non-requeueable deps ti=<TaskInstance: our_first_dag_v2.first_task scheduled__2024-11-04T00:00:00+00:00 [queued]>
[2024-11-05T07:18:27.431+0000] {taskinstance.py:2612} INFO - Dependencies all met for dep_context=requeueable deps ti=<TaskInstance: our_first_dag_v2.first_task scheduled__2024-11-04T00:00:00+00:00 [queued]>
[2024-11-05T07:18:27.432+0000] {taskinstance.py:2865} INFO - Starting attempt 1 of 6
[2024-11-05T07:18:27.509+0000] {taskinstance.py:2888} INFO - Executing <Task(BashOperator): first_task> on 2024-11-04 00:00:00+00:00
[2024-11-05T07:18:27.520+0000] {standard_task_runner.py:72} INFO - Started process 183 to run task
[2024-11-05T07:18:27.537+0000] {standard_task_runner.py:104} INFO - Running: ['airflow', 'tasks', 'run', 'our_first_dag_v2', 'first_task', 'scheduled__2024-11-04T00:00:00+00:00', '--job-id', '19', '--raw', '--subdir', 'DAGS_FOLDER/our-first-dag.py', '--cfg-path', '/tmp/tmpregz0o__']
[2024-11-05T07:18:27.551+0000] {standard_task_runner.py:105} INFO - Job 19: Subtask first_task
[2024-11-05T07:18:27.889+0000] {task_command.py:467} INFO - Running <TaskInstance: our_first_dag_v2.first_task scheduled__2024-11-04T00:00:00+00:00 [running]> on host f4d9f79457ef
[2024-11-05T07:18:28.248+0000] {taskinstance.py:3131} INFO - Exporting env vars: AIRFLOW_CTX_DAG_OWNER='Adithya' AIRFLOW_CTX_DAG_ID='our_first_dag_v2' AIRFLOW_CTX_TASK_ID='first_task' AIRFLOW_CTX_EXECUTION_DATE='2024-11-04T00:00:00+00:00' AIRFLOW_CTX_TRY_NUMBER='1' AIRFLOW_CTX_DAG_RUN_ID='scheduled__2024-11-04T00:00:00+00:00'
[2024-11-05T07:18:28.252+0000] {taskinstance.py:731} INFO - ::endgroup::
[2024-11-05T07:18:28.345+0000] {subprocess.py:63} INFO - Tmp dir root location: /tmp
[2024-11-05T07:18:28.349+0000] {subprocess.py:75} INFO - Running command: ['/usr/bin/bash', '-c', 'echo this is the first task.']
[2024-11-05T07:18:28.382+0000] {subprocess.py:86} INFO - Output:
[2024-11-05T07:18:28.397+0000] {subprocess.py:93} INFO - this is the first task.
[2024-11-05T07:18:28.398+0000] {subprocess.py:97} INFO - Command exited with return code 0
[2024-11-05T07:18:28.505+0000] {taskinstance.py:340} INFO - ::group::Post task execution logs
[2024-11-05T07:18:28.507+0000] {taskinstance.py:352} INFO - Marking task as SUCCESS. dag_id=our_first_dag_v2, task_id=first_task, run_id=scheduled__2024-11-04T00:00:00+00:00, execution_date=20241104T000000, start_date=20241105T071827, end_date=20241105T071828
[2024-11-05T07:18:28.606+0000] {local_task_job_runner.py:266} INFO - Task exited with return code 0
[2024-11-05T07:18:28.682+0000] {taskinstance.py:3900} INFO - 1 downstream tasks scheduled from follow-on schedule check
[2024-11-05T07:18:28.701+0000] {local_task_job_runner.py:245} INFO - ::endgroup::
