[2024-11-05T07:11:04.780+0000] {local_task_job_runner.py:123} INFO - ::group::Pre task execution logs
[2024-11-05T07:11:04.828+0000] {taskinstance.py:2612} INFO - Dependencies all met for dep_context=non-requeueable deps ti=<TaskInstance: our_first_dag.first_task scheduled__2024-11-04T00:00:00+00:00 [queued]>
[2024-11-05T07:11:04.862+0000] {taskinstance.py:2612} INFO - Dependencies all met for dep_context=requeueable deps ti=<TaskInstance: our_first_dag.first_task scheduled__2024-11-04T00:00:00+00:00 [queued]>
[2024-11-05T07:11:04.864+0000] {taskinstance.py:2865} INFO - Starting attempt 1 of 6
[2024-11-05T07:11:04.938+0000] {taskinstance.py:2888} INFO - Executing <Task(BashOperator): first_task> on 2024-11-04 00:00:00+00:00
[2024-11-05T07:11:04.950+0000] {standard_task_runner.py:72} INFO - Started process 125 to run task
[2024-11-05T07:11:04.970+0000] {standard_task_runner.py:104} INFO - Running: ['airflow', 'tasks', 'run', 'our_first_dag', 'first_task', 'scheduled__2024-11-04T00:00:00+00:00', '--job-id', '17', '--raw', '--subdir', 'DAGS_FOLDER/our-first-dag.py', '--cfg-path', '/tmp/tmp0_i7gzhc']
[2024-11-05T07:11:04.978+0000] {standard_task_runner.py:105} INFO - Job 17: Subtask first_task
[2024-11-05T07:11:05.299+0000] {task_command.py:467} INFO - Running <TaskInstance: our_first_dag.first_task scheduled__2024-11-04T00:00:00+00:00 [running]> on host f4d9f79457ef
[2024-11-05T07:11:05.618+0000] {taskinstance.py:3131} INFO - Exporting env vars: AIRFLOW_CTX_DAG_OWNER='Adithya' AIRFLOW_CTX_DAG_ID='our_first_dag' AIRFLOW_CTX_TASK_ID='first_task' AIRFLOW_CTX_EXECUTION_DATE='2024-11-04T00:00:00+00:00' AIRFLOW_CTX_TRY_NUMBER='1' AIRFLOW_CTX_DAG_RUN_ID='scheduled__2024-11-04T00:00:00+00:00'
[2024-11-05T07:11:05.620+0000] {taskinstance.py:731} INFO - ::endgroup::
[2024-11-05T07:11:05.748+0000] {subprocess.py:63} INFO - Tmp dir root location: /tmp
[2024-11-05T07:11:05.751+0000] {subprocess.py:75} INFO - Running command: ['/usr/bin/bash', '-c', 'echo this is the first task.']
[2024-11-05T07:11:05.779+0000] {subprocess.py:86} INFO - Output:
[2024-11-05T07:11:05.804+0000] {subprocess.py:93} INFO - this is the first task.
[2024-11-05T07:11:05.806+0000] {subprocess.py:97} INFO - Command exited with return code 0
[2024-11-05T07:11:05.903+0000] {taskinstance.py:340} INFO - ::group::Post task execution logs
[2024-11-05T07:11:05.904+0000] {taskinstance.py:352} INFO - Marking task as SUCCESS. dag_id=our_first_dag, task_id=first_task, run_id=scheduled__2024-11-04T00:00:00+00:00, execution_date=20241104T000000, start_date=20241105T071104, end_date=20241105T071105
[2024-11-05T07:11:05.992+0000] {local_task_job_runner.py:266} INFO - Task exited with return code 0
[2024-11-05T07:11:06.037+0000] {taskinstance.py:3900} INFO - 0 downstream tasks scheduled from follow-on schedule check
[2024-11-05T07:11:06.041+0000] {local_task_job_runner.py:245} INFO - ::endgroup::
