[2024-11-05T13:32:44.196+0000] {local_task_job_runner.py:123} INFO - ::group::Pre task execution logs
[2024-11-05T13:32:44.240+0000] {taskinstance.py:2612} INFO - Dependencies all met for dep_context=non-requeueable deps ti=<TaskInstance: dag_with_catchup_backfill_v1.task1 backfill__2024-10-31T00:00:00+00:00 [queued]>
[2024-11-05T13:32:44.268+0000] {taskinstance.py:2612} INFO - Dependencies all met for dep_context=requeueable deps ti=<TaskInstance: dag_with_catchup_backfill_v1.task1 backfill__2024-10-31T00:00:00+00:00 [queued]>
[2024-11-05T13:32:44.269+0000] {taskinstance.py:2865} INFO - Starting attempt 1 of 6
[2024-11-05T13:32:44.345+0000] {taskinstance.py:2888} INFO - Executing <Task(BashOperator): task1> on 2024-10-31 00:00:00+00:00
[2024-11-05T13:32:44.357+0000] {standard_task_runner.py:72} INFO - Started process 390 to run task
[2024-11-05T13:32:44.363+0000] {standard_task_runner.py:104} INFO - Running: ['airflow', 'tasks', 'run', 'dag_with_catchup_backfill_v1', 'task1', 'backfill__2024-10-31T00:00:00+00:00', '--job-id', '70', '--pool', 'default_pool', '--raw', '--subdir', 'DAGS_FOLDER/dag_with_catchup_backfill.py', '--cfg-path', '/tmp/tmpsleh3mz9']
[2024-11-05T13:32:44.367+0000] {standard_task_runner.py:105} INFO - Job 70: Subtask task1
[2024-11-05T13:32:44.527+0000] {task_command.py:467} INFO - Running <TaskInstance: dag_with_catchup_backfill_v1.task1 backfill__2024-10-31T00:00:00+00:00 [running]> on host d1868bef5e0d
[2024-11-05T13:32:44.754+0000] {taskinstance.py:3131} INFO - Exporting env vars: AIRFLOW_CTX_DAG_OWNER='Adithya' AIRFLOW_CTX_DAG_ID='dag_with_catchup_backfill_v1' AIRFLOW_CTX_TASK_ID='task1' AIRFLOW_CTX_EXECUTION_DATE='2024-10-31T00:00:00+00:00' AIRFLOW_CTX_TRY_NUMBER='1' AIRFLOW_CTX_DAG_RUN_ID='backfill__2024-10-31T00:00:00+00:00'
[2024-11-05T13:32:44.756+0000] {taskinstance.py:731} INFO - ::endgroup::
[2024-11-05T13:32:44.785+0000] {subprocess.py:63} INFO - Tmp dir root location: /tmp
[2024-11-05T13:32:44.788+0000] {subprocess.py:75} INFO - Running command: ['/usr/bin/bash', '-c', 'echo Hello my name is Adithya']
[2024-11-05T13:32:44.807+0000] {subprocess.py:86} INFO - Output:
[2024-11-05T13:32:44.809+0000] {subprocess.py:93} INFO - Hello my name is Adithya
[2024-11-05T13:32:44.810+0000] {subprocess.py:97} INFO - Command exited with return code 0
[2024-11-05T13:32:44.908+0000] {taskinstance.py:340} INFO - ::group::Post task execution logs
[2024-11-05T13:32:44.909+0000] {taskinstance.py:352} INFO - Marking task as SUCCESS. dag_id=dag_with_catchup_backfill_v1, task_id=task1, run_id=backfill__2024-10-31T00:00:00+00:00, execution_date=20241031T000000, start_date=20241105T133244, end_date=20241105T133244
[2024-11-05T13:32:45.023+0000] {local_task_job_runner.py:266} INFO - Task exited with return code 0
[2024-11-05T13:32:45.063+0000] {taskinstance.py:3900} INFO - 0 downstream tasks scheduled from follow-on schedule check
[2024-11-05T13:32:45.067+0000] {local_task_job_runner.py:245} INFO - ::endgroup::
