[2024-11-05T13:32:17.648+0000] {local_task_job_runner.py:123} INFO - ::group::Pre task execution logs
[2024-11-05T13:32:17.696+0000] {taskinstance.py:2612} INFO - Dependencies all met for dep_context=non-requeueable deps ti=<TaskInstance: dag_with_catchup_backfill_v1.task1 backfill__2024-10-28T00:00:00+00:00 [queued]>
[2024-11-05T13:32:17.728+0000] {taskinstance.py:2612} INFO - Dependencies all met for dep_context=requeueable deps ti=<TaskInstance: dag_with_catchup_backfill_v1.task1 backfill__2024-10-28T00:00:00+00:00 [queued]>
[2024-11-05T13:32:17.729+0000] {taskinstance.py:2865} INFO - Starting attempt 1 of 6
[2024-11-05T13:32:17.824+0000] {taskinstance.py:2888} INFO - Executing <Task(BashOperator): task1> on 2024-10-28 00:00:00+00:00
[2024-11-05T13:32:17.837+0000] {standard_task_runner.py:72} INFO - Started process 340 to run task
[2024-11-05T13:32:17.865+0000] {standard_task_runner.py:104} INFO - Running: ['airflow', 'tasks', 'run', 'dag_with_catchup_backfill_v1', 'task1', 'backfill__2024-10-28T00:00:00+00:00', '--job-id', '67', '--pool', 'default_pool', '--raw', '--subdir', 'DAGS_FOLDER/dag_with_catchup_backfill.py', '--cfg-path', '/tmp/tmply5_fpwv']
[2024-11-05T13:32:17.882+0000] {standard_task_runner.py:105} INFO - Job 67: Subtask task1
[2024-11-05T13:32:18.211+0000] {task_command.py:467} INFO - Running <TaskInstance: dag_with_catchup_backfill_v1.task1 backfill__2024-10-28T00:00:00+00:00 [running]> on host d1868bef5e0d
[2024-11-05T13:32:18.564+0000] {taskinstance.py:3131} INFO - Exporting env vars: AIRFLOW_CTX_DAG_OWNER='Adithya' AIRFLOW_CTX_DAG_ID='dag_with_catchup_backfill_v1' AIRFLOW_CTX_TASK_ID='task1' AIRFLOW_CTX_EXECUTION_DATE='2024-10-28T00:00:00+00:00' AIRFLOW_CTX_TRY_NUMBER='1' AIRFLOW_CTX_DAG_RUN_ID='backfill__2024-10-28T00:00:00+00:00'
[2024-11-05T13:32:18.568+0000] {taskinstance.py:731} INFO - ::endgroup::
[2024-11-05T13:32:18.642+0000] {subprocess.py:63} INFO - Tmp dir root location: /tmp
[2024-11-05T13:32:18.647+0000] {subprocess.py:75} INFO - Running command: ['/usr/bin/bash', '-c', 'echo Hello my name is Adithya']
[2024-11-05T13:32:18.683+0000] {subprocess.py:86} INFO - Output:
[2024-11-05T13:32:18.686+0000] {subprocess.py:93} INFO - Hello my name is Adithya
[2024-11-05T13:32:18.688+0000] {subprocess.py:97} INFO - Command exited with return code 0
[2024-11-05T13:32:18.790+0000] {taskinstance.py:340} INFO - ::group::Post task execution logs
[2024-11-05T13:32:18.791+0000] {taskinstance.py:352} INFO - Marking task as SUCCESS. dag_id=dag_with_catchup_backfill_v1, task_id=task1, run_id=backfill__2024-10-28T00:00:00+00:00, execution_date=20241028T000000, start_date=20241105T133217, end_date=20241105T133218
[2024-11-05T13:32:18.885+0000] {local_task_job_runner.py:266} INFO - Task exited with return code 0
[2024-11-05T13:32:18.928+0000] {taskinstance.py:3900} INFO - 0 downstream tasks scheduled from follow-on schedule check
[2024-11-05T13:32:18.932+0000] {local_task_job_runner.py:245} INFO - ::endgroup::
