[2024-11-06T16:34:12.100+0000] {local_task_job_runner.py:123} INFO - ::group::Pre task execution logs
[2024-11-06T16:34:12.169+0000] {taskinstance.py:2613} INFO - Dependencies all met for dep_context=non-requeueable deps ti=<TaskInstance: dag_with_postgess_v2.delete_in_postgres_table manual__2024-11-06T16:24:09.335028+00:00 [queued]>
[2024-11-06T16:34:12.220+0000] {taskinstance.py:2613} INFO - Dependencies all met for dep_context=requeueable deps ti=<TaskInstance: dag_with_postgess_v2.delete_in_postgres_table manual__2024-11-06T16:24:09.335028+00:00 [queued]>
[2024-11-06T16:34:12.222+0000] {taskinstance.py:2866} INFO - Starting attempt 1 of 3
[2024-11-06T16:34:15.613+0000] {taskinstance.py:2889} INFO - Executing <Task(PostgresOperator): delete_in_postgres_table> on 2024-11-06 16:24:09.335028+00:00
[2024-11-06T16:34:15.674+0000] {logging_mixin.py:190} WARNING - /home/***/.local/lib/python3.12/site-packages/***/task/task_runner/standard_task_runner.py:70 DeprecationWarning: This process (pid=12407) is multi-threaded, use of fork() may lead to deadlocks in the child.
[2024-11-06T16:34:15.683+0000] {standard_task_runner.py:72} INFO - Started process 12418 to run task
[2024-11-06T16:34:15.730+0000] {standard_task_runner.py:104} INFO - Running: ['***', 'tasks', 'run', 'dag_with_postgess_v2', 'delete_in_postgres_table', 'manual__2024-11-06T16:24:09.335028+00:00', '--job-id', '57', '--raw', '--subdir', 'DAGS_FOLDER/dag_with_postgress.py', '--cfg-path', '/tmp/tmp4ldzq668']
[2024-11-06T16:34:15.741+0000] {standard_task_runner.py:105} INFO - Job 57: Subtask delete_in_postgres_table
[2024-11-06T16:34:15.911+0000] {logging_mixin.py:190} WARNING - /home/***/.local/lib/python3.12/site-packages/***/settings.py:209 DeprecationWarning: The sql_alchemy_conn option in [core] has been moved to the sql_alchemy_conn option in [database] - the old setting has been used, but please update your config.
[2024-11-06T16:34:16.195+0000] {task_command.py:467} INFO - Running <TaskInstance: dag_with_postgess_v2.delete_in_postgres_table manual__2024-11-06T16:24:09.335028+00:00 [running]> on host 61aa06b65713
[2024-11-06T16:34:18.920+0000] {taskinstance.py:3132} INFO - Exporting env vars: AIRFLOW_CTX_DAG_OWNER='Adithya' AIRFLOW_CTX_DAG_ID='dag_with_postgess_v2' AIRFLOW_CTX_TASK_ID='delete_in_postgres_table' AIRFLOW_CTX_EXECUTION_DATE='2024-11-06T16:24:09.335028+00:00' AIRFLOW_CTX_TRY_NUMBER='1' AIRFLOW_CTX_DAG_RUN_ID='manual__2024-11-06T16:24:09.335028+00:00'
[2024-11-06T16:34:18.922+0000] {taskinstance.py:731} INFO - ::endgroup::
[2024-11-06T16:34:18.963+0000] {sql.py:278} INFO - Executing: 
delete from dag_runs where  dt='2024-11-06' and dag_id = 'dag_with_postgess_v2'
[2024-11-06T16:34:18.984+0000] {base.py:84} INFO - Retrieving connection 'postgres_localhost'
[2024-11-06T16:34:19.010+0000] {base.py:84} INFO - Retrieving connection 'postgres_localhost'
[2024-11-06T16:34:19.047+0000] {sql.py:544} INFO - Running statement: 
delete from dag_runs where  dt='2024-11-06' and dag_id = 'dag_with_postgess_v2', parameters: None
[2024-11-06T16:34:19.065+0000] {sql.py:553} INFO - Rows affected: 1
[2024-11-06T16:34:19.112+0000] {taskinstance.py:340} INFO - ::group::Post task execution logs
[2024-11-06T16:34:19.114+0000] {taskinstance.py:352} INFO - Marking task as SUCCESS. dag_id=dag_with_postgess_v2, task_id=delete_in_postgres_table, run_id=manual__2024-11-06T16:24:09.335028+00:00, execution_date=20241106T162409, start_date=20241106T163412, end_date=20241106T163419
[2024-11-06T16:34:19.381+0000] {local_task_job_runner.py:266} INFO - Task exited with return code 0
[2024-11-06T16:34:19.443+0000] {taskinstance.py:3895} INFO - 1 downstream tasks scheduled from follow-on schedule check
[2024-11-06T16:34:19.448+0000] {local_task_job_runner.py:245} INFO - ::endgroup::
